2015-05-15 22:45:31:899 INFO [Refreshing org.springframework.context.support.ClassPathXmlApplicationContext@18872380: startup date [Fri May 15 22:45:31 CST 2015]; root of context hierarchy]
2015-05-15 22:45:31:954 INFO [Loading XML bean definitions from class path resource [beans.xml]]
2015-05-15 22:45:32:300 INFO [Pre-instantiating singletons in org.springframework.beans.factory.support.DefaultListableBeanFactory@36d1c778: defining beans [org.springframework.context.annotation.internalConfigurationAnnotationProcessor,org.springframework.context.annotation.internalAutowiredAnnotationProcessor,org.springframework.context.annotation.internalRequiredAnnotationProcessor,org.springframework.context.annotation.internalCommonAnnotationProcessor,city,hotel,logInterceptor,org.springframework.aop.config.internalAutoProxyCreator,user,school,myDataSource,org.springframework.context.annotation.ConfigurationClassPostProcessor.importAwareProcessor]; root of factory hierarchy]
2015-05-15 22:45:32:563 WARN [Exception encountered during context initialization - cancelling refresh attempt]
org.springframework.beans.factory.CannotLoadBeanClassException: Cannot find class [org.apache.commons.dbcp.BasicDataSource] for bean with name 'myDataSource' defined in class path resource [beans.xml]; nested exception is java.lang.ClassNotFoundException: org.apache.commons.dbcp.BasicDataSource
	at org.springframework.beans.factory.support.AbstractBeanFactory.resolveBeanClass(AbstractBeanFactory.java:1278)
	at org.springframework.beans.factory.support.AbstractAutowireCapableBeanFactory.predictBeanType(AbstractAutowireCapableBeanFactory.java:575)
	at org.springframework.beans.factory.support.AbstractBeanFactory.isFactoryBean(AbstractBeanFactory.java:1347)
	at org.springframework.beans.factory.support.AbstractBeanFactory.isFactoryBean(AbstractBeanFactory.java:913)
	at org.springframework.beans.factory.support.DefaultListableBeanFactory.preInstantiateSingletons(DefaultListableBeanFactory.java:617)
	at org.springframework.context.support.AbstractApplicationContext.finishBeanFactoryInitialization(AbstractApplicationContext.java:934)
	at org.springframework.context.support.AbstractApplicationContext.refresh(AbstractApplicationContext.java:479)
	at org.springframework.context.support.ClassPathXmlApplicationContext.<init>(ClassPathXmlApplicationContext.java:139)
	at org.springframework.context.support.ClassPathXmlApplicationContext.<init>(ClassPathXmlApplicationContext.java:83)
	at com.xvxingan.demo.SpringTest.main(SpringTest.java:25)
Caused by: java.lang.ClassNotFoundException: org.apache.commons.dbcp.BasicDataSource
	at java.net.URLClassLoader$1.run(Unknown Source)
	at java.security.AccessController.doPrivileged(Native Method)
	at java.net.URLClassLoader.findClass(Unknown Source)
	at java.lang.ClassLoader.loadClass(Unknown Source)
	at sun.misc.Launcher$AppClassLoader.loadClass(Unknown Source)
	at java.lang.ClassLoader.loadClass(Unknown Source)
	at org.springframework.util.ClassUtils.forName(ClassUtils.java:265)
	at org.springframework.beans.factory.support.AbstractBeanDefinition.resolveBeanClass(AbstractBeanDefinition.java:419)
	at org.springframework.beans.factory.support.AbstractBeanFactory.doResolveBeanClass(AbstractBeanFactory.java:1299)
	at org.springframework.beans.factory.support.AbstractBeanFactory.resolveBeanClass(AbstractBeanFactory.java:1270)
	... 9 more
2015-05-15 22:45:32:565 INFO [Destroying singletons in org.springframework.beans.factory.support.DefaultListableBeanFactory@36d1c778: defining beans [org.springframework.context.annotation.internalConfigurationAnnotationProcessor,org.springframework.context.annotation.internalAutowiredAnnotationProcessor,org.springframework.context.annotation.internalRequiredAnnotationProcessor,org.springframework.context.annotation.internalCommonAnnotationProcessor,city,hotel,logInterceptor,org.springframework.aop.config.internalAutoProxyCreator,user,school,myDataSource,org.springframework.context.annotation.ConfigurationClassPostProcessor.importAwareProcessor]; root of factory hierarchy]
2015-05-15 22:47:17:758 INFO [Refreshing org.springframework.context.support.ClassPathXmlApplicationContext@2c64f6cd: startup date [Fri May 15 22:47:17 CST 2015]; root of context hierarchy]
2015-05-15 22:47:17:814 INFO [Loading XML bean definitions from class path resource [beans.xml]]
2015-05-15 22:47:18:154 INFO [Pre-instantiating singletons in org.springframework.beans.factory.support.DefaultListableBeanFactory@36d1c778: defining beans [org.springframework.context.annotation.internalConfigurationAnnotationProcessor,org.springframework.context.annotation.internalAutowiredAnnotationProcessor,org.springframework.context.annotation.internalRequiredAnnotationProcessor,org.springframework.context.annotation.internalCommonAnnotationProcessor,city,hotel,logInterceptor,org.springframework.aop.config.internalAutoProxyCreator,user,school,myDataSource,org.springframework.context.annotation.ConfigurationClassPostProcessor.importAwareProcessor]; root of factory hierarchy]
2015-05-15 22:49:07:168 INFO [Refreshing org.springframework.context.support.ClassPathXmlApplicationContext@2c64f6cd: startup date [Fri May 15 22:49:07 CST 2015]; root of context hierarchy]
2015-05-15 22:49:07:245 INFO [Loading XML bean definitions from class path resource [beans.xml]]
2015-05-15 22:49:07:623 INFO [Pre-instantiating singletons in org.springframework.beans.factory.support.DefaultListableBeanFactory@5f0ab09f: defining beans [org.springframework.context.annotation.internalConfigurationAnnotationProcessor,org.springframework.context.annotation.internalAutowiredAnnotationProcessor,org.springframework.context.annotation.internalRequiredAnnotationProcessor,org.springframework.context.annotation.internalCommonAnnotationProcessor,city,hotel,logInterceptor,org.springframework.aop.config.internalAutoProxyCreator,user,school,myDataSource,org.springframework.context.annotation.ConfigurationClassPostProcessor.importAwareProcessor]; root of factory hierarchy]
2015-05-15 22:49:58:852 INFO [Refreshing org.springframework.context.support.ClassPathXmlApplicationContext@18872380: startup date [Fri May 15 22:49:58 CST 2015]; root of context hierarchy]
2015-05-15 22:49:58:917 INFO [Loading XML bean definitions from class path resource [beans.xml]]
2015-05-15 22:49:59:290 INFO [Pre-instantiating singletons in org.springframework.beans.factory.support.DefaultListableBeanFactory@5f0ab09f: defining beans [org.springframework.context.annotation.internalConfigurationAnnotationProcessor,org.springframework.context.annotation.internalAutowiredAnnotationProcessor,org.springframework.context.annotation.internalRequiredAnnotationProcessor,org.springframework.context.annotation.internalCommonAnnotationProcessor,city,hotel,logInterceptor,org.springframework.aop.config.internalAutoProxyCreator,user,school,myDataSource,org.springframework.context.annotation.ConfigurationClassPostProcessor.importAwareProcessor]; root of factory hierarchy]
2015-05-15 22:50:22:197 INFO [Refreshing org.springframework.context.support.ClassPathXmlApplicationContext@2c64f6cd: startup date [Fri May 15 22:50:22 CST 2015]; root of context hierarchy]
2015-05-15 22:50:22:264 INFO [Loading XML bean definitions from class path resource [beans.xml]]
2015-05-15 22:50:22:692 INFO [Pre-instantiating singletons in org.springframework.beans.factory.support.DefaultListableBeanFactory@67eb366: defining beans [org.springframework.context.annotation.internalConfigurationAnnotationProcessor,org.springframework.context.annotation.internalAutowiredAnnotationProcessor,org.springframework.context.annotation.internalRequiredAnnotationProcessor,org.springframework.context.annotation.internalCommonAnnotationProcessor,userDao,city,hotel,logInterceptor,org.springframework.aop.config.internalAutoProxyCreator,user,school,myDataSource,org.springframework.context.annotation.ConfigurationClassPostProcessor.importAwareProcessor]; root of factory hierarchy]
2015-05-15 22:51:04:995 INFO [Refreshing org.springframework.context.support.ClassPathXmlApplicationContext@2c64f6cd: startup date [Fri May 15 22:51:04 CST 2015]; root of context hierarchy]
2015-05-15 22:51:05:066 INFO [Loading XML bean definitions from class path resource [beans.xml]]
2015-05-15 22:51:05:414 INFO [Pre-instantiating singletons in org.springframework.beans.factory.support.DefaultListableBeanFactory@67eb366: defining beans [org.springframework.context.annotation.internalConfigurationAnnotationProcessor,org.springframework.context.annotation.internalAutowiredAnnotationProcessor,org.springframework.context.annotation.internalRequiredAnnotationProcessor,org.springframework.context.annotation.internalCommonAnnotationProcessor,userDao,city,hotel,logInterceptor,org.springframework.aop.config.internalAutoProxyCreator,user,school,myDataSource,org.springframework.context.annotation.ConfigurationClassPostProcessor.importAwareProcessor]; root of factory hierarchy]
2015-05-15 22:51:30:880 INFO [Refreshing org.springframework.context.support.ClassPathXmlApplicationContext@2c64f6cd: startup date [Fri May 15 22:51:30 CST 2015]; root of context hierarchy]
2015-05-15 22:51:30:943 INFO [Loading XML bean definitions from class path resource [beans.xml]]
2015-05-15 22:51:31:285 INFO [Pre-instantiating singletons in org.springframework.beans.factory.support.DefaultListableBeanFactory@67eb366: defining beans [org.springframework.context.annotation.internalConfigurationAnnotationProcessor,org.springframework.context.annotation.internalAutowiredAnnotationProcessor,org.springframework.context.annotation.internalRequiredAnnotationProcessor,org.springframework.context.annotation.internalCommonAnnotationProcessor,userDao,city,hotel,logInterceptor,org.springframework.aop.config.internalAutoProxyCreator,user,school,myDataSource,org.springframework.context.annotation.ConfigurationClassPostProcessor.importAwareProcessor]; root of factory hierarchy]
2015-05-18 21:38:01:789 INFO [Refreshing org.springframework.context.support.ClassPathXmlApplicationContext@2c64f6cd: startup date [Mon May 18 21:38:01 CST 2015]; root of context hierarchy]
2015-05-18 21:38:01:930 INFO [Loading XML bean definitions from class path resource [beans.xml]]
2015-05-18 21:38:02:383 INFO [Loading properties file from class path resource [jdbc.properties]]
2015-05-18 21:38:02:448 INFO [Pre-instantiating singletons in org.springframework.beans.factory.support.DefaultListableBeanFactory@3b5e234c: defining beans [org.springframework.context.annotation.internalConfigurationAnnotationProcessor,org.springframework.context.annotation.internalAutowiredAnnotationProcessor,org.springframework.context.annotation.internalRequiredAnnotationProcessor,org.springframework.context.annotation.internalCommonAnnotationProcessor,userDao,city,hotel,logInterceptor,org.springframework.aop.config.internalAutoProxyCreator,org.springframework.beans.factory.config.PropertyPlaceholderConfigurer#0,myDataSource,org.springframework.transaction.annotation.AnnotationTransactionAttributeSource#0,org.springframework.transaction.interceptor.TransactionInterceptor#0,org.springframework.transaction.config.internalTransactionAdvisor,txManager,user,school,org.springframework.context.annotation.ConfigurationClassPostProcessor.importAwareProcessor]; root of factory hierarchy]
2015-05-18 21:38:03:190 WARN [Exception encountered during context initialization - cancelling refresh attempt]
org.springframework.beans.factory.CannotLoadBeanClassException: Cannot find class [org.springframework.jdbc.datasource.DataSourceTransactionManager] for bean with name 'txManager' defined in class path resource [beans.xml]; nested exception is java.lang.ClassNotFoundException: org.springframework.jdbc.datasource.DataSourceTransactionManager
	at org.springframework.beans.factory.support.AbstractBeanFactory.resolveBeanClass(AbstractBeanFactory.java:1278)
	at org.springframework.beans.factory.support.AbstractAutowireCapableBeanFactory.predictBeanType(AbstractAutowireCapableBeanFactory.java:575)
	at org.springframework.beans.factory.support.AbstractBeanFactory.isFactoryBean(AbstractBeanFactory.java:1347)
	at org.springframework.beans.factory.support.AbstractBeanFactory.isFactoryBean(AbstractBeanFactory.java:913)
	at org.springframework.beans.factory.support.DefaultListableBeanFactory.preInstantiateSingletons(DefaultListableBeanFactory.java:617)
	at org.springframework.context.support.AbstractApplicationContext.finishBeanFactoryInitialization(AbstractApplicationContext.java:934)
	at org.springframework.context.support.AbstractApplicationContext.refresh(AbstractApplicationContext.java:479)
	at org.springframework.context.support.ClassPathXmlApplicationContext.<init>(ClassPathXmlApplicationContext.java:139)
	at org.springframework.context.support.ClassPathXmlApplicationContext.<init>(ClassPathXmlApplicationContext.java:83)
	at com.xvxingan.demo.SpringTest.main(SpringTest.java:26)
Caused by: java.lang.ClassNotFoundException: org.springframework.jdbc.datasource.DataSourceTransactionManager
	at java.net.URLClassLoader$1.run(Unknown Source)
	at java.security.AccessController.doPrivileged(Native Method)
	at java.net.URLClassLoader.findClass(Unknown Source)
	at java.lang.ClassLoader.loadClass(Unknown Source)
	at sun.misc.Launcher$AppClassLoader.loadClass(Unknown Source)
	at java.lang.ClassLoader.loadClass(Unknown Source)
	at org.springframework.util.ClassUtils.forName(ClassUtils.java:265)
	at org.springframework.beans.factory.support.AbstractBeanDefinition.resolveBeanClass(AbstractBeanDefinition.java:419)
	at org.springframework.beans.factory.support.AbstractBeanFactory.doResolveBeanClass(AbstractBeanFactory.java:1299)
	at org.springframework.beans.factory.support.AbstractBeanFactory.resolveBeanClass(AbstractBeanFactory.java:1270)
	... 9 more
2015-05-18 21:38:03:192 INFO [Destroying singletons in org.springframework.beans.factory.support.DefaultListableBeanFactory@3b5e234c: defining beans [org.springframework.context.annotation.internalConfigurationAnnotationProcessor,org.springframework.context.annotation.internalAutowiredAnnotationProcessor,org.springframework.context.annotation.internalRequiredAnnotationProcessor,org.springframework.context.annotation.internalCommonAnnotationProcessor,userDao,city,hotel,logInterceptor,org.springframework.aop.config.internalAutoProxyCreator,org.springframework.beans.factory.config.PropertyPlaceholderConfigurer#0,myDataSource,org.springframework.transaction.annotation.AnnotationTransactionAttributeSource#0,org.springframework.transaction.interceptor.TransactionInterceptor#0,org.springframework.transaction.config.internalTransactionAdvisor,txManager,user,school,org.springframework.context.annotation.ConfigurationClassPostProcessor.importAwareProcessor]; root of factory hierarchy]
2015-05-18 21:38:35:784 INFO [Refreshing org.springframework.context.support.ClassPathXmlApplicationContext@18872380: startup date [Mon May 18 21:38:35 CST 2015]; root of context hierarchy]
2015-05-18 21:38:35:835 INFO [Loading XML bean definitions from class path resource [beans.xml]]
2015-05-18 21:38:36:157 INFO [Loading properties file from class path resource [jdbc.properties]]
2015-05-18 21:38:36:190 INFO [Pre-instantiating singletons in org.springframework.beans.factory.support.DefaultListableBeanFactory@f593af: defining beans [org.springframework.context.annotation.internalConfigurationAnnotationProcessor,org.springframework.context.annotation.internalAutowiredAnnotationProcessor,org.springframework.context.annotation.internalRequiredAnnotationProcessor,org.springframework.context.annotation.internalCommonAnnotationProcessor,userDao,city,hotel,logInterceptor,org.springframework.aop.config.internalAutoProxyCreator,org.springframework.beans.factory.config.PropertyPlaceholderConfigurer#0,myDataSource,org.springframework.transaction.annotation.AnnotationTransactionAttributeSource#0,org.springframework.transaction.interceptor.TransactionInterceptor#0,org.springframework.transaction.config.internalTransactionAdvisor,txManager,user,school,org.springframework.context.annotation.ConfigurationClassPostProcessor.importAwareProcessor]; root of factory hierarchy]
2015-05-18 21:40:32:496 INFO [Refreshing org.springframework.context.support.ClassPathXmlApplicationContext@18872380: startup date [Mon May 18 21:40:32 CST 2015]; root of context hierarchy]
2015-05-18 21:40:32:544 INFO [Loading XML bean definitions from class path resource [beans.xml]]
2015-05-18 21:40:32:860 INFO [Loading properties file from class path resource [jdbc.properties]]
2015-05-18 21:40:32:894 INFO [Pre-instantiating singletons in org.springframework.beans.factory.support.DefaultListableBeanFactory@7ab2c6a6: defining beans [org.springframework.context.annotation.internalConfigurationAnnotationProcessor,org.springframework.context.annotation.internalAutowiredAnnotationProcessor,org.springframework.context.annotation.internalRequiredAnnotationProcessor,org.springframework.context.annotation.internalCommonAnnotationProcessor,userDao,city,hotel,logInterceptor,org.springframework.aop.config.internalAutoProxyCreator,org.springframework.beans.factory.config.PropertyPlaceholderConfigurer#0,myDataSource,org.springframework.transaction.annotation.AnnotationTransactionAttributeSource#0,org.springframework.transaction.interceptor.TransactionInterceptor#0,org.springframework.transaction.config.internalTransactionAdvisor,txManager,user,school,org.springframework.context.annotation.ConfigurationClassPostProcessor.importAwareProcessor]; root of factory hierarchy]
2015-05-18 21:41:03:571 INFO [Refreshing org.springframework.context.support.ClassPathXmlApplicationContext@18872380: startup date [Mon May 18 21:41:03 CST 2015]; root of context hierarchy]
2015-05-18 21:41:03:628 INFO [Loading XML bean definitions from class path resource [beans.xml]]
2015-05-18 21:41:03:945 INFO [Loading properties file from class path resource [jdbc.properties]]
2015-05-18 21:41:03:980 INFO [Pre-instantiating singletons in org.springframework.beans.factory.support.DefaultListableBeanFactory@4afb6354: defining beans [org.springframework.context.annotation.internalConfigurationAnnotationProcessor,org.springframework.context.annotation.internalAutowiredAnnotationProcessor,org.springframework.context.annotation.internalRequiredAnnotationProcessor,org.springframework.context.annotation.internalCommonAnnotationProcessor,userDao,city,hotel,logInterceptor,org.springframework.aop.config.internalAutoProxyCreator,org.springframework.beans.factory.config.PropertyPlaceholderConfigurer#0,myDataSource,org.springframework.transaction.annotation.AnnotationTransactionAttributeSource#0,org.springframework.transaction.interceptor.TransactionInterceptor#0,org.springframework.transaction.config.internalTransactionAdvisor,txManager,user,school,org.springframework.context.annotation.ConfigurationClassPostProcessor.importAwareProcessor]; root of factory hierarchy]
2015-05-18 21:41:19:228 INFO [Refreshing org.springframework.context.support.ClassPathXmlApplicationContext@18872380: startup date [Mon May 18 21:41:19 CST 2015]; root of context hierarchy]
2015-05-18 21:41:19:282 INFO [Loading XML bean definitions from class path resource [beans.xml]]
2015-05-18 21:41:19:598 INFO [Loading properties file from class path resource [jdbc.properties]]
2015-05-18 21:41:19:633 INFO [Pre-instantiating singletons in org.springframework.beans.factory.support.DefaultListableBeanFactory@4afb6354: defining beans [org.springframework.context.annotation.internalConfigurationAnnotationProcessor,org.springframework.context.annotation.internalAutowiredAnnotationProcessor,org.springframework.context.annotation.internalRequiredAnnotationProcessor,org.springframework.context.annotation.internalCommonAnnotationProcessor,userDao,city,hotel,logInterceptor,org.springframework.aop.config.internalAutoProxyCreator,org.springframework.beans.factory.config.PropertyPlaceholderConfigurer#0,myDataSource,org.springframework.transaction.annotation.AnnotationTransactionAttributeSource#0,org.springframework.transaction.interceptor.TransactionInterceptor#0,org.springframework.transaction.config.internalTransactionAdvisor,txManager,user,school,org.springframework.context.annotation.ConfigurationClassPostProcessor.importAwareProcessor]; root of factory hierarchy]
2015-05-18 21:43:19:401 INFO [Refreshing org.springframework.context.support.ClassPathXmlApplicationContext@18872380: startup date [Mon May 18 21:43:19 CST 2015]; root of context hierarchy]
2015-05-18 21:43:19:458 INFO [Loading XML bean definitions from class path resource [beans.xml]]
2015-05-18 21:43:19:783 INFO [Loading properties file from class path resource [jdbc.properties]]
2015-05-18 21:43:19:818 INFO [Pre-instantiating singletons in org.springframework.beans.factory.support.DefaultListableBeanFactory@559113f8: defining beans [org.springframework.context.annotation.internalConfigurationAnnotationProcessor,org.springframework.context.annotation.internalAutowiredAnnotationProcessor,org.springframework.context.annotation.internalRequiredAnnotationProcessor,org.springframework.context.annotation.internalCommonAnnotationProcessor,userDao,city,hotel,logInterceptor,org.springframework.aop.config.internalAutoProxyCreator,org.springframework.beans.factory.config.PropertyPlaceholderConfigurer#0,myDataSource,user,school,org.springframework.context.annotation.ConfigurationClassPostProcessor.importAwareProcessor]; root of factory hierarchy]
2015-05-18 21:44:35:569 INFO [Refreshing org.springframework.context.support.ClassPathXmlApplicationContext@502bb514: startup date [Mon May 18 21:44:35 CST 2015]; root of context hierarchy]
2015-05-18 21:44:35:620 INFO [Loading XML bean definitions from class path resource [beans.xml]]
2015-05-18 21:44:35:907 INFO [Loading properties file from class path resource [jdbc.properties]]
2015-05-18 21:44:35:942 INFO [Pre-instantiating singletons in org.springframework.beans.factory.support.DefaultListableBeanFactory@24c0f1ec: defining beans [org.springframework.context.annotation.internalConfigurationAnnotationProcessor,org.springframework.context.annotation.internalAutowiredAnnotationProcessor,org.springframework.context.annotation.internalRequiredAnnotationProcessor,org.springframework.context.annotation.internalCommonAnnotationProcessor,userDao,city,hotel,logInterceptor,org.springframework.aop.config.internalAutoProxyCreator,org.springframework.beans.factory.config.PropertyPlaceholderConfigurer#0,myDataSource,user,school,org.springframework.context.annotation.ConfigurationClassPostProcessor.importAwareProcessor]; root of factory hierarchy]
2015-05-18 21:44:51:120 INFO [Refreshing org.springframework.context.support.ClassPathXmlApplicationContext@502bb514: startup date [Mon May 18 21:44:51 CST 2015]; root of context hierarchy]
2015-05-18 21:44:51:198 INFO [Loading XML bean definitions from class path resource [beans.xml]]
2015-05-18 21:44:51:492 INFO [Loading properties file from class path resource [jdbc.properties]]
2015-05-18 21:44:51:528 INFO [Pre-instantiating singletons in org.springframework.beans.factory.support.DefaultListableBeanFactory@67eb366: defining beans [org.springframework.context.annotation.internalConfigurationAnnotationProcessor,org.springframework.context.annotation.internalAutowiredAnnotationProcessor,org.springframework.context.annotation.internalRequiredAnnotationProcessor,org.springframework.context.annotation.internalCommonAnnotationProcessor,userDao,city,hotel,logInterceptor,org.springframework.aop.config.internalAutoProxyCreator,org.springframework.beans.factory.config.PropertyPlaceholderConfigurer#0,myDataSource,user,school,org.springframework.context.annotation.ConfigurationClassPostProcessor.importAwareProcessor]; root of factory hierarchy]
2015-05-18 21:47:13:124 INFO [Refreshing org.springframework.context.support.ClassPathXmlApplicationContext@2c64f6cd: startup date [Mon May 18 21:47:13 CST 2015]; root of context hierarchy]
2015-05-18 21:47:13:204 INFO [Loading XML bean definitions from class path resource [beans.xml]]
2015-05-18 21:47:13:507 INFO [Loading properties file from class path resource [jdbc.properties]]
2015-05-18 21:47:13:545 INFO [Pre-instantiating singletons in org.springframework.beans.factory.support.DefaultListableBeanFactory@36d1c778: defining beans [org.springframework.context.annotation.internalConfigurationAnnotationProcessor,org.springframework.context.annotation.internalAutowiredAnnotationProcessor,org.springframework.context.annotation.internalRequiredAnnotationProcessor,org.springframework.context.annotation.internalCommonAnnotationProcessor,userDao,city,hotel,logInterceptor,org.springframework.aop.config.internalAutoProxyCreator,org.springframework.beans.factory.config.PropertyPlaceholderConfigurer#0,myDataSource,user,school,org.springframework.context.annotation.ConfigurationClassPostProcessor.importAwareProcessor]; root of factory hierarchy]
2015-05-18 21:48:17:677 INFO [Refreshing org.springframework.context.support.ClassPathXmlApplicationContext@2c64f6cd: startup date [Mon May 18 21:48:17 CST 2015]; root of context hierarchy]
2015-05-18 21:48:17:734 INFO [Loading XML bean definitions from class path resource [beans.xml]]
2015-05-18 21:48:18:038 INFO [Loading properties file from class path resource [jdbc.properties]]
2015-05-18 21:48:18:075 INFO [Pre-instantiating singletons in org.springframework.beans.factory.support.DefaultListableBeanFactory@36d1c778: defining beans [org.springframework.context.annotation.internalConfigurationAnnotationProcessor,org.springframework.context.annotation.internalAutowiredAnnotationProcessor,org.springframework.context.annotation.internalRequiredAnnotationProcessor,org.springframework.context.annotation.internalCommonAnnotationProcessor,userDao,city,hotel,logInterceptor,org.springframework.aop.config.internalAutoProxyCreator,org.springframework.beans.factory.config.PropertyPlaceholderConfigurer#0,myDataSource,user,school,org.springframework.context.annotation.ConfigurationClassPostProcessor.importAwareProcessor]; root of factory hierarchy]
2015-05-18 21:49:24:632 INFO [Refreshing org.springframework.context.support.ClassPathXmlApplicationContext@18872380: startup date [Mon May 18 21:49:24 CST 2015]; root of context hierarchy]
2015-05-18 21:49:24:683 INFO [Loading XML bean definitions from class path resource [beans.xml]]
2015-05-18 21:49:24:996 INFO [Loading properties file from class path resource [jdbc.properties]]
2015-05-18 21:49:25:032 INFO [Pre-instantiating singletons in org.springframework.beans.factory.support.DefaultListableBeanFactory@62acc57: defining beans [org.springframework.context.annotation.internalConfigurationAnnotationProcessor,org.springframework.context.annotation.internalAutowiredAnnotationProcessor,org.springframework.context.annotation.internalRequiredAnnotationProcessor,org.springframework.context.annotation.internalCommonAnnotationProcessor,userDao,city,hotel,logInterceptor,org.springframework.aop.config.internalAutoProxyCreator,org.springframework.beans.factory.config.PropertyPlaceholderConfigurer#0,myDataSource,user,school,org.springframework.context.annotation.ConfigurationClassPostProcessor.importAwareProcessor]; root of factory hierarchy]
2015-05-18 21:50:20:083 INFO [Refreshing org.springframework.context.support.ClassPathXmlApplicationContext@18872380: startup date [Mon May 18 21:50:20 CST 2015]; root of context hierarchy]
2015-05-18 21:50:20:144 INFO [Loading XML bean definitions from class path resource [beans.xml]]
2015-05-18 21:50:20:446 INFO [Loading properties file from class path resource [jdbc.properties]]
2015-05-18 21:50:20:481 INFO [Pre-instantiating singletons in org.springframework.beans.factory.support.DefaultListableBeanFactory@62acc57: defining beans [org.springframework.context.annotation.internalConfigurationAnnotationProcessor,org.springframework.context.annotation.internalAutowiredAnnotationProcessor,org.springframework.context.annotation.internalRequiredAnnotationProcessor,org.springframework.context.annotation.internalCommonAnnotationProcessor,userDao,city,hotel,logInterceptor,org.springframework.aop.config.internalAutoProxyCreator,org.springframework.beans.factory.config.PropertyPlaceholderConfigurer#0,myDataSource,user,school,org.springframework.context.annotation.ConfigurationClassPostProcessor.importAwareProcessor]; root of factory hierarchy]
2015-05-18 21:50:39:001 INFO [Refreshing org.springframework.context.support.ClassPathXmlApplicationContext@18872380: startup date [Mon May 18 21:50:38 CST 2015]; root of context hierarchy]
2015-05-18 21:50:39:056 INFO [Loading XML bean definitions from class path resource [beans.xml]]
2015-05-18 21:50:39:376 INFO [Loading properties file from class path resource [jdbc.properties]]
2015-05-18 21:50:39:412 INFO [Pre-instantiating singletons in org.springframework.beans.factory.support.DefaultListableBeanFactory@62acc57: defining beans [org.springframework.context.annotation.internalConfigurationAnnotationProcessor,org.springframework.context.annotation.internalAutowiredAnnotationProcessor,org.springframework.context.annotation.internalRequiredAnnotationProcessor,org.springframework.context.annotation.internalCommonAnnotationProcessor,userDao,city,hotel,logInterceptor,org.springframework.aop.config.internalAutoProxyCreator,org.springframework.beans.factory.config.PropertyPlaceholderConfigurer#0,myDataSource,user,school,org.springframework.context.annotation.ConfigurationClassPostProcessor.importAwareProcessor]; root of factory hierarchy]
2015-05-18 21:51:15:136 INFO [Refreshing org.springframework.context.support.ClassPathXmlApplicationContext@18872380: startup date [Mon May 18 21:51:15 CST 2015]; root of context hierarchy]
2015-05-18 21:51:15:196 INFO [Loading XML bean definitions from class path resource [beans.xml]]
2015-05-18 21:51:15:523 INFO [Loading properties file from class path resource [jdbc.properties]]
2015-05-18 21:51:15:560 INFO [Pre-instantiating singletons in org.springframework.beans.factory.support.DefaultListableBeanFactory@421fbfd6: defining beans [org.springframework.context.annotation.internalConfigurationAnnotationProcessor,org.springframework.context.annotation.internalAutowiredAnnotationProcessor,org.springframework.context.annotation.internalRequiredAnnotationProcessor,org.springframework.context.annotation.internalCommonAnnotationProcessor,userDao,city,hotel,logInterceptor,org.springframework.aop.config.internalAutoProxyCreator,org.springframework.beans.factory.config.PropertyPlaceholderConfigurer#0,myDataSource,user,school,org.springframework.context.annotation.ConfigurationClassPostProcessor.importAwareProcessor]; root of factory hierarchy]
2015-05-18 21:52:35:727 INFO [Refreshing org.springframework.context.support.ClassPathXmlApplicationContext@18872380: startup date [Mon May 18 21:52:35 CST 2015]; root of context hierarchy]
2015-05-18 21:52:35:783 INFO [Loading XML bean definitions from class path resource [beans.xml]]
2015-05-18 21:52:36:134 INFO [Loading properties file from class path resource [jdbc.properties]]
2015-05-18 21:52:36:172 INFO [Pre-instantiating singletons in org.springframework.beans.factory.support.DefaultListableBeanFactory@7ab2c6a6: defining beans [org.springframework.context.annotation.internalConfigurationAnnotationProcessor,org.springframework.context.annotation.internalAutowiredAnnotationProcessor,org.springframework.context.annotation.internalRequiredAnnotationProcessor,org.springframework.context.annotation.internalCommonAnnotationProcessor,userDao,city,hotel,logInterceptor,org.springframework.aop.config.internalAutoProxyCreator,org.springframework.beans.factory.config.PropertyPlaceholderConfigurer#0,myDataSource,org.springframework.transaction.annotation.AnnotationTransactionAttributeSource#0,org.springframework.transaction.interceptor.TransactionInterceptor#0,org.springframework.transaction.config.internalTransactionAdvisor,txManager,user,school,org.springframework.context.annotation.ConfigurationClassPostProcessor.importAwareProcessor]; root of factory hierarchy]
2015-05-18 21:55:12:652 INFO [Refreshing org.springframework.context.support.ClassPathXmlApplicationContext@18872380: startup date [Mon May 18 21:55:12 CST 2015]; root of context hierarchy]
2015-05-18 21:55:12:705 INFO [Loading XML bean definitions from class path resource [beans.xml]]
2015-05-18 21:55:13:039 INFO [Loading properties file from class path resource [jdbc.properties]]
2015-05-18 21:55:13:074 INFO [Pre-instantiating singletons in org.springframework.beans.factory.support.DefaultListableBeanFactory@f593af: defining beans [org.springframework.context.annotation.internalConfigurationAnnotationProcessor,org.springframework.context.annotation.internalAutowiredAnnotationProcessor,org.springframework.context.annotation.internalRequiredAnnotationProcessor,org.springframework.context.annotation.internalCommonAnnotationProcessor,userDao,city,hotel,logInterceptor,org.springframework.aop.config.internalAutoProxyCreator,org.springframework.beans.factory.config.PropertyPlaceholderConfigurer#0,myDataSource,org.springframework.transaction.annotation.AnnotationTransactionAttributeSource#0,org.springframework.transaction.interceptor.TransactionInterceptor#0,org.springframework.transaction.config.internalTransactionAdvisor,txManager,user,school,org.springframework.context.annotation.ConfigurationClassPostProcessor.importAwareProcessor]; root of factory hierarchy]
2015-05-25 16:50:17:090 INFO [Refreshing org.springframework.context.support.ClassPathXmlApplicationContext@96fa474: startup date [Mon May 25 16:50:17 CST 2015]; root of context hierarchy]
2015-05-25 16:50:17:260 INFO [Loading XML bean definitions from class path resource [beans.xml]]
2015-05-25 16:50:17:612 INFO [Loading properties file from class path resource [jdbc.properties]]
2015-05-25 16:50:17:645 INFO [Pre-instantiating singletons in org.springframework.beans.factory.support.DefaultListableBeanFactory@215f7107: defining beans [org.springframework.context.annotation.internalConfigurationAnnotationProcessor,org.springframework.context.annotation.internalAutowiredAnnotationProcessor,org.springframework.context.annotation.internalRequiredAnnotationProcessor,org.springframework.context.annotation.internalCommonAnnotationProcessor,userDao,city,hotel,logInterceptor,org.springframework.aop.config.internalAutoProxyCreator,org.springframework.beans.factory.config.PropertyPlaceholderConfigurer#0,myDataSource,org.springframework.transaction.annotation.AnnotationTransactionAttributeSource#0,org.springframework.transaction.interceptor.TransactionInterceptor#0,org.springframework.transaction.config.internalTransactionAdvisor,txManager,user,school,org.springframework.context.annotation.ConfigurationClassPostProcessor.importAwareProcessor]; root of factory hierarchy]
